{
  "RSpec": {
    "coverage": {
      "/home/codio/workspace/app/helpers/application_helper.rb": [
        1,
        null
      ],
      "/home/codio/workspace/app/helpers/sessions_helper.rb": [
        1,
        null
      ],
      "/home/codio/workspace/app/helpers/users_helper.rb": [
        1,
        null
      ],
      "/home/codio/workspace/app/helpers/welcome_helper.rb": [
        1,
        null
      ],
      "/home/codio/workspace/app/controllers/restaurants_controller.rb": [
        1,
        1,
        0,
        null,
        null
      ],
      "/home/codio/workspace/app/controllers/sessions_controller.rb": [
        1,
        1,
        null,
        1,
        null,
        null,
        null,
        null,
        1,
        2,
        2,
        1,
        null,
        null,
        null,
        null,
        1,
        1,
        1,
        1,
        null,
        1,
        1,
        null,
        1,
        1,
        null,
        null,
        null,
        1,
        1,
        null,
        1,
        1,
        null,
        null
      ],
      "/home/codio/workspace/app/controllers/application_controller.rb": [
        1,
        null,
        null,
        1,
        null
      ],
      "/home/codio/workspace/app/controllers/users_controller.rb": [
        1,
        null,
        1,
        1,
        null,
        null,
        null,
        1,
        14,
        null,
        null,
        14,
        1,
        1,
        13,
        6,
        6,
        6,
        null,
        7,
        7,
        null,
        null,
        null,
        1,
        0,
        null,
        null,
        1,
        1,
        1,
        1,
        1,
        1,
        1,
        1,
        1,
        1,
        1,
        1,
        null,
        1,
        1,
        1,
        1,
        null,
        0,
        0,
        null,
        null,
        1,
        2,
        2,
        2,
        2,
        2,
        null,
        null,
        null
      ],
      "/home/codio/workspace/app/controllers/welcome_controller.rb": [
        1,
        1,
        0,
        null,
        null,
        null,
        null,
        null,
        null,
        null,
        null,
        1,
        0,
        null,
        null,
        1,
        1,
        1,
        1,
        1,
        1,
        1,
        1,
        1,
        1,
        1,
        1,
        1,
        1,
        null,
        0,
        0,
        null,
        null
      ],
      "/home/codio/workspace/app/models/restaurant.rb": [
        1,
        1,
        0,
        null,
        null
      ],
      "/home/codio/workspace/app/models/user.rb": [
        1,
        1,
        1,
        1,
        1,
        1,
        1,
        1,
        1,
        null,
        null,
        null,
        null,
        null,
        1,
        1,
        null,
        1,
        0,
        1,
        0,
        null,
        1,
        null,
        1,
        null,
        null
      ]
    },
    "timestamp": 1668659753
  }
}
