{
  "RSpec": {
    "coverage": {
      "/home/codio/workspace/app/helpers/application_helper.rb": [
        1,
        null
      ],
      "/home/codio/workspace/app/helpers/sessions_helper.rb": [
        1,
        null
      ],
      "/home/codio/workspace/app/helpers/users_helper.rb": [
        1,
        null
      ],
      "/home/codio/workspace/app/helpers/welcome_helper.rb": [
        1,
        null
      ],
      "/home/codio/workspace/app/controllers/sessions_controller.rb": [
        1,
        1,
        null,
        null,
        null,
        null,
        1,
        1,
        1,
        1,
        null,
        null,
        null,
        null,
        1,
        1,
        1,
        1,
        null,
        1,
        1,
        null,
        0,
        0,
        null,
        null,
        null,
        1,
        1,
        null,
        1,
        1,
        null,
        null
      ],
      "/home/codio/workspace/app/controllers/application_controller.rb": [
        1,
        null,
        null,
        1,
        null
      ],
      "/home/codio/workspace/app/models/user.rb": [
        1,
        1,
        1,
        1,
        1,
        1,
        1,
        1,
        1,
        null,
        null,
        null,
        null,
        null,
        null,
        null
      ],
      "/home/codio/workspace/app/controllers/users_controller.rb": [
        1,
        null,
        1,
        1,
        null,
        null,
        null,
        1,
        13,
        null,
        null,
        13,
        1,
        1,
        12,
        5,
        5,
        5,
        null,
        7,
        7,
        null,
        null,
        null,
        1,
        0,
        null,
        null,
        1,
        1,
        1,
        1,
        1,
        1,
        1,
        1,
        1,
        1,
        1,
        1,
        1,
        null,
        0,
        null,
        null,
        1,
        1,
        1,
        1,
        1,
        1,
        1,
        null,
        0,
        0,
        null,
        null,
        null
      ],
      "/home/codio/workspace/app/controllers/welcome_controller.rb": [
        1,
        1,
        null,
        null,
        null,
        null,
        null,
        null,
        null,
        1,
        0,
        null,
        null,
        1,
        0,
        0,
        0,
        0,
        0,
        0,
        0,
        0,
        0,
        null,
        0,
        0,
        null,
        null
      ]
    },
    "timestamp": 1667424482
  }
}
